<?xml version="1.0" encoding="UTF-8"?>
<!-- Generated by org.testng.reporters.JUnitReportReporter -->
<testsuite skipped="0" hostname="DESKTOP-1HOJCM7" name="com.opensource.admin.qa.TC003_Admin_AddNewUser" tests="1" failures="0" timestamp="2021-02-19T13:43:53 CST" time="12.976" errors="0">
  <testcase name="TC003_Admin_AddNewUser_TC" time="12.976" classname="com.opensource.admin.qa.TC003_Admin_AddNewUser"/>
  <system-out>
Abrir página web OrangeHRM Ingrese nombre de usuario y contraseña Validar que ha iniciado sesión correctamente Click en Admin - Ir a la página de administración Click en Agregar Ingresar nombre de empleado válido Ingresar nombre de usuario válido Ingresar contraseña y confirmar Clic en Save Buscar el nombre de usuario Clic en el botón Buscar Verificar que el nombre de usuario exista en la tabla Cerrar sesión Cerrar Navegador  </system-out>
</testsuite> <!-- com.opensource.admin.qa.TC003_Admin_AddNewUser -->
