<?xml version="1.0" encoding="UTF-8"?>
<!-- Generated by org.testng.reporters.JUnitReportReporter -->
<testsuite skipped="0" hostname="DESKTOP-1HOJCM7" name="com.opensource.admin.qa.TC005_Admin_CreateUserDisabled_POM" tests="1" failures="0" timestamp="2021-02-27T12:12:16 CST" time="22.579" errors="0">
  <testcase name="TC005_Admin_CreateUserDisabled_POM_TestScript" time="22.579" classname="com.opensource.admin.qa.TC005_Admin_CreateUserDisabled_POM"/>
  <system-out>
Launching...https://opensource-demo.orangehrmlive.com/ Login into Orange open source Validate that you have logged in successfully Click Admin - Go to the admin page Click Add Add User Search username in field Verify value in search table Logout into Orange open source  </system-out>
</testsuite> <!-- com.opensource.admin.qa.TC005_Admin_CreateUserDisabled_POM -->
