<?xml version="1.0" encoding="UTF-8"?>
<!-- Generated by org.testng.reporters.JUnitReportReporter -->
<testsuite skipped="0" hostname="DESKTOP-1HOJCM7" name="com.opensource.admin.qa.TC002_Admin_SearchEmployee_NotExist" tests="1" failures="0" timestamp="2021-02-21T20:18:11 CST" time="8.364" errors="0">
  <testcase name="TC002_Admin_SearchEmployee_NotExist_TC" time="8.364" classname="com.opensource.admin.qa.TC002_Admin_SearchEmployee_NotExist"/>
  <system-out>
Abrir página web OrangeHRM Ingrese nombre de usuario y contraseña Validar que ha iniciado sesión correctamente Click en Admin - Ir a la página de administración Buscar nombre de usuario XYZ Clic en el botón buscar Verificar que el nombre de usuario no exista en la tabla Cerrar sesión Cerrar Navegador  </system-out>
</testsuite> <!-- com.opensource.admin.qa.TC002_Admin_SearchEmployee_NotExist -->
